-------------------------------------------------------------------------------
Test set: com.example.chatuser.ChatUserApplicationTests
-------------------------------------------------------------------------------
Tests run: 1, Failures: 0, Errors: 1, Skipped: 0, Time elapsed: 9.75 s <<< FAILURE! - in com.example.chatuser.ChatUserApplicationTests
contextLoads  Time elapsed: 0.001 s  <<< ERROR!
java.lang.IllegalStateException: Failed to load ApplicationContext
Caused by: org.springframework.beans.factory.BeanCreationException: Error creating bean with name 'aliCloudEdasSdk' defined in class path resource [com/alibaba/cloud/spring/boot/context/autoconfigure/EdasContextAutoConfiguration.class]: Bean instantiation via factory method failed; nested exception is org.springframework.beans.BeanInstantiationException: Failed to instantiate [com.alibaba.cloud.context.edas.AliCloudEdasSdk]: Factory method 'aliCloudEdasSdk' threw exception; nested exception is java.lang.NoSuchMethodError: com.aliyuncs.profile.DefaultProfile.getHttpClientConfig()Lcom/aliyuncs/http/HttpClientConfig;
Caused by: org.springframework.beans.BeanInstantiationException: Failed to instantiate [com.alibaba.cloud.context.edas.AliCloudEdasSdk]: Factory method 'aliCloudEdasSdk' threw exception; nested exception is java.lang.NoSuchMethodError: com.aliyuncs.profile.DefaultProfile.getHttpClientConfig()Lcom/aliyuncs/http/HttpClientConfig;
Caused by: java.lang.NoSuchMethodError: com.aliyuncs.profile.DefaultProfile.getHttpClientConfig()Lcom/aliyuncs/http/HttpClientConfig;

